INFO:sim:172 - Generating IP...
Resolving generics for 'data_fifo'...
Applying external generics to 'data_fifo'...
Delivering associated files for 'data_fifo'...
Delivering EJava files for 'data_fifo'...
Generating implementation netlist for 'data_fifo'...
INFO:sim - Pre-processing HDL files for 'data_fifo'...
WARNING:sim - BlackBox generator run option '-ifmt' found multiple times. Only
   the first occurence is considered.
Running synthesis for 'data_fifo'
Running ngcbuild...
Writing VEO instantiation template for 'data_fifo'...
Writing Verilog behavioral simulation model for 'data_fifo'...
WARNING:sim - Overwriting existing file
   F:/xilly_adc_test1/XADC_9284/ipcore_dir/tmp/_cg/data_fifo/doc/fifo_generator_
   v9_3_vinfo.html with file from view xilinx_documentation
Delivered 3 files into directory
F:/xilly_adc_test1/XADC_9284/ipcore_dir/tmp/_cg/data_fifo
Delivered 1 file into directory
F:/xilly_adc_test1/XADC_9284/ipcore_dir/tmp/_cg/data_fifo
Generating ASY schematic symbol...
INFO:sim:949 - Finished generation of ASY schematic symbol.
Generating SYM schematic symbol for 'data_fifo'...
Generating metadata file...
Generating ISE project file for 'data_fifo'...
Generating ISE project...
XCO file found: data_fifo.xco
XMDF file found: data_fifo_xmdf.tcl
Adding F:/xilly_adc_test1/XADC_9284/ipcore_dir/tmp/_cg/data_fifo.asy -view all
-origin_type imported
Adding F:/xilly_adc_test1/XADC_9284/ipcore_dir/tmp/_cg/data_fifo.ngc -view all
-origin_type created
Checking file "F:/xilly_adc_test1/XADC_9284/ipcore_dir/tmp/_cg/data_fifo.ngc"
for project device match ...
File "F:/xilly_adc_test1/XADC_9284/ipcore_dir/tmp/_cg/data_fifo.ngc" device
information matches project device.
Adding F:/xilly_adc_test1/XADC_9284/ipcore_dir/tmp/_cg/data_fifo.sym -view all
-origin_type imported
Adding F:/xilly_adc_test1/XADC_9284/ipcore_dir/tmp/_cg/data_fifo.v -view all
-origin_type created
INFO:HDLCompiler:1845 - Analyzing Verilog file
   "F:/xilly_adc_test1/XADC_9284/ipcore_dir/tmp/_cg/data_fifo.v" into library
   work
INFO:ProjectMgmt - Parsing design hierarchy completed successfully.
Adding F:/xilly_adc_test1/XADC_9284/ipcore_dir/tmp/_cg/data_fifo.veo -view all
-origin_type imported
INFO:TclTasksC:2116 - The automatic calculation of top has been turned-off.
   Please set the new top explicitly by running the "project set top" command.
   To re-calculate the new top automatically, set the "Auto Implementation Top"
   property to true.
Top level has been set to "/data_fifo"
Generating README file...
Generating FLIST file...
INFO:sim:948 - Finished FLIST file generation.
Launching README viewer...
Moving files to output directory...
Finished moving files to output directory
Wrote CGP file for project 'data_fifo'.
